<?xml version="1.0" encoding="UTF-8"?>
<!-- Generated by org.testng.reporters.JUnitReportReporter -->
<testsuite hostname="DESKTOP-CC93P6I" failures="0" tests="3" name="Methods.TestDataProvider" time="25.473" errors="0" timestamp="2024-08-11T21:58:33 IST" skipped="0">
  <testcase classname="Methods.TestDataProvider" name="register" time="7.999"/>
  <system-out/>
  <testcase classname="Methods.TestDataProvider" name="register" time="9.274"/>
  <system-out/>
  <testcase classname="Methods.TestDataProvider" name="register" time="8.200"/>
  <system-out/>
</testsuite> <!-- Methods.TestDataProvider -->
