<?xml version="1.0" encoding="UTF-8"?>
<!-- Generated by org.testng.reporters.JUnitReportReporter -->
<testsuite hostname="DESKTOP-CC93P6I" failures="0" tests="1" name="Methods.DataProvider" time="2.178" errors="0" timestamp="2024-08-11T20:44:54 IST" skipped="0">
  <testcase classname="Methods.DataProvider" name="login" time="2.178"/>
  <system-out/>
</testsuite> <!-- Methods.DataProvider -->
